<?xml version="1.0" encoding="UTF-8"?>
<testsuites name="jest tests" tests="12" failures="0" errors="0" time="1.223">
  <testsuite name="Health Check" errors="0" failures="0" skipped="0" timestamp="2026-04-30T18:48:23" time="1.072" tests="12">
    <testcase classname="Health Check GET /health - should return ok status" name="Health Check GET /health - should return ok status" time="0.039">
    </testcase>
    <testcase classname="GET /api/todos should return list of todos" name="GET /api/todos should return list of todos" time="0.004">
    </testcase>
    <testcase classname="GET /api/todos should return 500 on database error" name="GET /api/todos should return 500 on database error" time="0.004">
    </testcase>
    <testcase classname="GET /api/todos/:id should return a single todo" name="GET /api/todos/:id should return a single todo" time="0.005">
    </testcase>
    <testcase classname="GET /api/todos/:id should return 404 if todo not found" name="GET /api/todos/:id should return 404 if todo not found" time="0.008">
    </testcase>
    <testcase classname="POST /api/todos should create a new todo" name="POST /api/todos should create a new todo" time="0.019">
    </testcase>
    <testcase classname="POST /api/todos should return 400 if title is missing" name="POST /api/todos should return 400 if title is missing" time="0.004">
    </testcase>
    <testcase classname="POST /api/todos should return 400 if title is empty string" name="POST /api/todos should return 400 if title is empty string" time="0.005">
    </testcase>
    <testcase classname="PUT /api/todos/:id should update an existing todo" name="PUT /api/todos/:id should update an existing todo" time="0.008">
    </testcase>
    <testcase classname="PUT /api/todos/:id should return 404 if todo not found" name="PUT /api/todos/:id should return 404 if todo not found" time="0.011">
    </testcase>
    <testcase classname="DELETE /api/todos/:id should delete a todo" name="DELETE /api/todos/:id should delete a todo" time="0.007">
    </testcase>
    <testcase classname="DELETE /api/todos/:id should return 404 if todo not found" name="DELETE /api/todos/:id should return 404 if todo not found" time="0.006">
    </testcase>
  </testsuite>
</testsuites>